Reusing configuration cache.
> Task :app:preBuild UP-TO-DATE
> Task :app:checkKotlinGradlePluginConfigurationErrors SKIPPED
> Task :app:preDebugBuild UP-TO-DATE
> Task :app:mergeDebugNativeDebugMetadata NO-SOURCE
> Task :app:generateDebugResValues UP-TO-DATE
> Task :app:createDebugCompatibleScreenManifests UP-TO-DATE
> Task :app:generateDebugResources UP-TO-DATE
> Task :app:mergeDebugResources UP-TO-DATE
> Task :app:checkDebugAarMetadata UP-TO-DATE
> Task :app:extractDeepLinksDebug UP-TO-DATE
> Task :app:mapDebugSourceSetPaths UP-TO-DATE
> Task :app:packageDebugResources UP-TO-DATE
> Task :app:javaPreCompileDebug UP-TO-DATE
> Task :app:desugarDebugFileDependencies UP-TO-DATE
> Task :app:mergeDebugShaders UP-TO-DATE
> Task :app:compileDebugShaders NO-SOURCE
> Task :app:generateDebugAssets UP-TO-DATE
> Task :app:mergeDebugAssets UP-TO-DATE
> Task :app:compressDebugAssets UP-TO-DATE
> Task :app:processDebugNavigationResources UP-TO-DATE
> Task :app:parseDebugLocalResources UP-TO-DATE
> Task :app:compileDebugNavigationResources UP-TO-DATE
> Task :app:validateSigningDebug UP-TO-DATE
> Task :app:mergeDebugJniLibFolders UP-TO-DATE
> Task :app:writeDebugAppMetadata UP-TO-DATE
> Task :app:processDebugMainManifest UP-TO-DATE
> Task :app:writeDebugSigningConfigVersions UP-TO-DATE
> Task :app:processDebugManifest UP-TO-DATE
> Task :app:processDebugManifestForPackage UP-TO-DATE
> Task :app:mergeDebugNativeLibs UP-TO-DATE
> Task :app:stripDebugDebugSymbols UP-TO-DATE
> Task :app:checkDebugDuplicateClasses UP-TO-DATE
> Task :app:mergeLibDexDebug UP-TO-DATE
> Task :app:processDebugResources UP-TO-DATE
> Task :app:mergeExtDexDebug UP-TO-DATE
> Task :app:kspDebugKotlin

> Task :app:compileDebugKotlin FAILED
e: file:///app/app/src/main/java/com/hereliesaz/cuedetat/MainActivity.kt:137:43 Argument type mismatch: actual type is 'UiEvent.OnTrackingStateUpdate', but 'MainScreenEvent' was expected.
e: file:///app/app/src/main/java/com/hereliesaz/cuedetat/MainActivity.kt:145:39 Argument type mismatch: actual type is 'UiEvent.OnScreenTap', but 'MainScreenEvent' was expected.
e: file:///app/app/src/main/java/com/hereliesaz/cuedetat/MainActivity.kt:191:35 Argument type mismatch: actual type is 'CueDetatState', but 'UiState' was expected.
e: file:///app/app/src/main/java/com/hereliesaz/cuedetat/MainActivity.kt:193:47 Unresolved reference 'isDarkMode'.
e: file:///app/app/src/main/java/com/hereliesaz/cuedetat/MainActivity.kt:195:31 Argument type mismatch: actual type is 'CueDetatState', but 'UiState' was expected.
e: file:///app/app/src/main/java/com/hereliesaz/cuedetat/MainActivity.kt:196:42 Inapplicable candidate(s): fun onEvent(event: MainScreenEvent): Unit
e: file:///app/app/src/main/java/com/hereliesaz/cuedetat/ui/MainLayout.kt:66:33 Argument type mismatch: actual type is 'Int', but 'Float' was expected.
e: file:///app/app/src/main/java/com/hereliesaz/cuedetat/ui/MainScreen.kt:70:83 Argument type mismatch: actual type is 'Float', but 'Offset' was expected.
e: file:///app/app/src/main/java/com/hereliesaz/cuedetat/ui/hatemode/HaterScreen.kt:147:29 Argument type mismatch: actual type is 'Int', but 'Float' was expected.
e: file:///app/app/src/main/java/com/hereliesaz/cuedetat/view/ProtractorOverlay.kt:20:46 Unresolved reference 'OverlayRenderer'.
e: file:///app/app/src/main/java/com/hereliesaz/cuedetat/view/ProtractorOverlay.kt:31:20 Cannot infer type for type parameter 'T'. Specify it explicitly.
e: file:///app/app/src/main/java/com/hereliesaz/cuedetat/view/ProtractorOverlay.kt:31:31 Unresolved reference 'OverlayRenderer'.
e: file:///app/app/src/main/java/com/hereliesaz/cuedetat/view/ProtractorOverlay.kt:43:29 Argument type mismatch: actual type is 'CueDetatState', but 'Boolean' was expected.
e: file:///app/app/src/main/java/com/hereliesaz/cuedetat/view/ProtractorOverlay.kt:43:38 Too many arguments for 'fun updateColors(isDarkMode: Boolean): Unit'.
e: file:///app/app/src/main/java/com/hereliesaz/cuedetat/view/ProtractorOverlay.kt:55:22 Unresolved reference 'draw'.
e: file:///app/app/src/main/java/com/hereliesaz/cuedetat/view/renderer/ball/BallRenderer.kt:28:46 Unresolved reference 'text'.
e: file:///app/app/src/main/java/com/hereliesaz/cuedetat/view/renderer/ball/BallRenderer.kt:35:32 Unresolved reference 'BallTextRenderer'.
e: file:///app/app/src/main/java/com/hereliesaz/cuedetat/view/renderer/ball/BallRenderer.kt:142:13 Too many arguments for 'fun getZoomRange(mode: ExperienceMode?): Pair<Float, Float>'.
e: file:///app/app/src/main/java/com/hereliesaz/cuedetat/view/renderer/ball/BallRenderer.kt:303:28 Cannot infer type for type parameter 'R'. Specify it explicitly.
e: file:///app/app/src/main/java/com/hereliesaz/cuedetat/view/renderer/line/LineRenderer.kt:28:46 Unresolved reference 'text'.
e: file:///app/app/src/main/java/com/hereliesaz/cuedetat/view/renderer/line/LineRenderer.kt:36:32 Unresolved reference 'LineTextRenderer'.
e: file:///app/app/src/main/java/com/hereliesaz/cuedetat/view/renderer/table/RailRenderer.kt:17:46 Unresolved reference 'text'.
e: file:///app/app/src/main/java/com/hereliesaz/cuedetat/view/renderer/table/RailRenderer.kt:27:32 Unresolved reference 'LineTextRenderer'.
e: file:///app/app/src/main/java/com/hereliesaz/cuedetat/view/renderer/table/RailRenderer.kt:181:13 Inapplicable candidate(s): fun <K> WHEN_CALL(vararg branches: K): K
e: file:///app/app/src/main/java/com/hereliesaz/cuedetat/view/renderer/table/RailRenderer.kt:183:52 Cannot infer type for type parameter 'T'. Specify it explicitly.
e: file:///app/app/src/main/java/com/hereliesaz/cuedetat/view/renderer/table/RailRenderer.kt:183:52 Cannot infer type for type parameter 'R'. Specify it explicitly.
e: file:///app/app/src/main/java/com/hereliesaz/cuedetat/view/renderer/table/RailRenderer.kt:183:52 Unresolved reference. None of the following candidates is applicable because of a receiver type mismatch:
fun <T, R> T.let(block: (T) -> R): R
e: file:///app/app/src/main/java/com/hereliesaz/cuedetat/view/renderer/table/RailRenderer.kt:183:58 Cannot infer type for type parameter 'T'. Specify it explicitly.
e: file:///app/app/src/main/java/com/hereliesaz/cuedetat/view/renderer/table/RailRenderer.kt:198:17 Inapplicable candidate(s): fun <K> WHEN_CALL(vararg branches: K): K
e: file:///app/app/src/main/java/com/hereliesaz/cuedetat/view/renderer/table/RailRenderer.kt:200:63 Cannot infer type for type parameter 'T'. Specify it explicitly.
e: file:///app/app/src/main/java/com/hereliesaz/cuedetat/view/renderer/table/RailRenderer.kt:200:63 Cannot infer type for type parameter 'R'. Specify it explicitly.
e: file:///app/app/src/main/java/com/hereliesaz/cuedetat/view/renderer/table/RailRenderer.kt:200:63 Unresolved reference. None of the following candidates is applicable because of a receiver type mismatch:
fun <T, R> T.let(block: (T) -> R): R
e: file:///app/app/src/main/java/com/hereliesaz/cuedetat/view/renderer/table/RailRenderer.kt:200:69 Cannot infer type for type parameter 'T'. Specify it explicitly.
e: file:///app/app/src/main/java/com/hereliesaz/cuedetat/view/renderer/table/RailRenderer.kt:216:41 Cannot infer type for type parameter 'R'. Specify it explicitly.
e: file:///app/app/src/main/java/com/hereliesaz/cuedetat/view/renderer/table/RailRenderer.kt:217:54 Cannot infer type for type parameter 'T'. Specify it explicitly.
e: file:///app/app/src/main/java/com/hereliesaz/cuedetat/view/renderer/table/RailRenderer.kt:217:54 Cannot infer type for type parameter 'R'. Specify it explicitly.
e: file:///app/app/src/main/java/com/hereliesaz/cuedetat/view/renderer/table/RailRenderer.kt:217:54 Unresolved reference. None of the following candidates is applicable because of a receiver type mismatch:
fun <T, R> T.let(block: (T) -> R): R
e: file:///app/app/src/main/java/com/hereliesaz/cuedetat/view/renderer/table/RailRenderer.kt:217:60 Cannot infer type for type parameter 'T'. Specify it explicitly.
e: file:///app/app/src/main/java/com/hereliesaz/cuedetat/view/renderer/table/RailRenderer.kt:224:71 Unresolved reference 'LineTextRenderer'.
e: file:///app/app/src/main/java/com/hereliesaz/cuedetat/view/renderer/table/RailRenderer.kt:231:87 Unresolved reference 'LineTextRenderer'.
e: file:///app/app/src/main/java/com/hereliesaz/cuedetat/view/renderer/table/RailRenderer.kt:232:87 Unresolved reference 'LineTextRenderer'.
e: file:///app/app/src/main/java/com/hereliesaz/cuedetat/view/renderer/table/RailRenderer.kt:233:87 Unresolved reference 'LineTextRenderer'.
e: file:///app/app/src/main/java/com/hereliesaz/cuedetat/view/renderer/table/RailRenderer.kt:234:87 Unresolved reference 'LineTextRenderer'.
e: file:///app/app/src/main/java/com/hereliesaz/cuedetat/view/renderer/util/PaintUtils.kt:40:39 Argument type mismatch: actual type is 'String', but 'Pair<Int, Float>' was expected.

FAILURE: Build failed with an exception.

* What went wrong:
Execution failed for task ':app:compileDebugKotlin'.
> A failure occurred while executing org.jetbrains.kotlin.compilerRunner.GradleCompilerRunnerWithWorkers$GradleKotlinCompilerWorkAction
   > Compilation error. See log for more details

* Try:
> Run with --stacktrace option to get the stack trace.
> Run with --info or --debug option to get more log output.
> Run with --scan to generate a Build Scan (Powered by Develocity).
> Get more help at https://help.gradle.org.

BUILD FAILED in 16s
31 actionable tasks: 2 executed, 29 up-to-date
Configuration cache entry reused.
