<?xml version="1.0" encoding="UTF-8"?>
<testsuite name="ProjectionTest[jvm]" tests="12" skipped="0" failures="0" errors="0" timestamp="2026-08-23T16:25:36.282Z" hostname="vm" time="0.094">
  <properties/>
  <testcase name="projectedRadiusGrowsAsTheBallComesNearer[jvm]" classname="com.hereliesaz.cuedetat.core.projection.ProjectionTest" time="0.067"/>
  <testcase name="aPointBehindTheCameraDoesNotProject[jvm]" classname="com.hereliesaz.cuedetat.core.projection.ProjectionTest" time="0.001"/>
  <testcase name="theProjectorIsInvertibleForAnOrdinaryViewpoint[jvm]" classname="com.hereliesaz.cuedetat.core.projection.ProjectionTest" time="0.0"/>
  <testcase name="intrinsicsRoundTripThroughFieldOfView[jvm]" classname="com.hereliesaz.cuedetat.core.projection.ProjectionTest" time="0.002"/>
  <testcase name="homographyNeedsAtLeastFourCorrespondences[jvm]" classname="com.hereliesaz.cuedetat.core.projection.ProjectionTest" time="0.0"/>
  <testcase name="matrixInverseUndoesMultiplication[jvm]" classname="com.hereliesaz.cuedetat.core.projection.ProjectionTest" time="0.001"/>
  <testcase name="syntheticCameraHasARealisticFieldOfView[jvm]" classname="com.hereliesaz.cuedetat.core.projection.ProjectionTest" time="0.003"/>
  <testcase name="aBallCentreDrawsAboveItsContactPatch[jvm]" classname="com.hereliesaz.cuedetat.core.projection.ProjectionTest" time="0.0"/>
  <testcase name="homographyFromFourCornersRecoversTheProjection[jvm]" classname="com.hereliesaz.cuedetat.core.projection.ProjectionTest" time="0.008"/>
  <testcase name="cameraHeightIsRecoveredFromThePose[jvm]" classname="com.hereliesaz.cuedetat.core.projection.ProjectionTest" time="0.001"/>
  <testcase name="tablePointsRoundTripThroughTheScreenAndBack[jvm]" classname="com.hereliesaz.cuedetat.core.projection.ProjectionTest" time="0.001"/>
  <testcase name="aSingularMatrixReportsNoInverseRatherThanReturningGarbage[jvm]" classname="com.hereliesaz.cuedetat.core.projection.ProjectionTest" time="0.001"/>
  <system-out><![CDATA[]]></system-out>
  <system-err><![CDATA[]]></system-err>
</testsuite>
