<?xml version="1.0" encoding="UTF-8"?>
<testsuite name="TableTest[jvm]" tests="21" skipped="0" failures="0" errors="0" timestamp="2026-08-23T16:20:56.375Z" hostname="vm" time="0.077">
  <properties/>
  <testcase name="longRailsAreSplitByTheirSidePocket[jvm]" classname="com.hereliesaz.cuedetat.core.geometry.TableTest" time="0.053"/>
  <testcase name="cornerPocketMouthsAreSetBackFromTheNominalCorner[jvm]" classname="com.hereliesaz.cuedetat.core.geometry.TableTest" time="0.001"/>
  <testcase name="effectivePocketWidthShrinksWithTheCosineOfTheApproachAngle[jvm]" classname="com.hereliesaz.cuedetat.core.geometry.TableTest" time="0.004"/>
  <testcase name="aBallTooFarOffCentreClipsTheJawEvenApproachingStraight[jvm]" classname="com.hereliesaz.cuedetat.core.geometry.TableTest" time="0.001"/>
  <testcase name="theSidePocketGapIsWideEnoughForABallToPassButTheRailsResumeEitherSide[jvm]" classname="com.hereliesaz.cuedetat.core.geometry.TableTest" time="0.0"/>
  <testcase name="aTableNarrowerThanItIsLongIsRejected[jvm]" classname="com.hereliesaz.cuedetat.core.geometry.TableTest" time="0.001"/>
  <testcase name="nineFootTableIsOneHundredByFiftyInches[jvm]" classname="com.hereliesaz.cuedetat.core.geometry.TableTest" time="0.0"/>
  <testcase name="diamondsRunZeroToEightAlongTheLongRail[jvm]" classname="com.hereliesaz.cuedetat.core.geometry.TableTest" time="0.001"/>
  <testcase name="aBallAimedThroughTheSidePocketGapMeetsNoCushion[jvm]" classname="com.hereliesaz.cuedetat.core.geometry.TableTest" time="0.001"/>
  <testcase name="aBallRolledStraightAtACornerPocketDrops[jvm]" classname="com.hereliesaz.cuedetat.core.geometry.TableTest" time="0.0"/>
  <testcase name="sidePocketsSitAtTheMidpointOfTheLongRails[jvm]" classname="com.hereliesaz.cuedetat.core.geometry.TableTest" time="0.001"/>
  <testcase name="diamondsRunZeroToFourAcrossTheShortRail[jvm]" classname="com.hereliesaz.cuedetat.core.geometry.TableTest" time="0.0"/>
  <testcase name="aBallRollingAlongTheRailCannotDropInTheSidePocket[jvm]" classname="com.hereliesaz.cuedetat.core.geometry.TableTest" time="0.001"/>
  <testcase name="aBallTouchingTheCushionIsStillLegalButOverlappingIsNot[jvm]" classname="com.hereliesaz.cuedetat.core.geometry.TableTest" time="0.0"/>
  <testcase name="aBallRollingAlongTheRailStillDropsInACornerPocket[jvm]" classname="com.hereliesaz.cuedetat.core.geometry.TableTest" time="0.0"/>
  <testcase name="aBallHeadingAtARailFindsThatRail[jvm]" classname="com.hereliesaz.cuedetat.core.geometry.TableTest" time="0.001"/>
  <testcase name="aBallMovingAwayFromAPocketIsNeverAccepted[jvm]" classname="com.hereliesaz.cuedetat.core.geometry.TableTest" time="0.0"/>
  <testcase name="aStandardBallIsTwoAndAQuarterInches[jvm]" classname="com.hereliesaz.cuedetat.core.geometry.TableTest" time="0.001"/>
  <testcase name="cushionCentreLineIsInsetByOneBallRadius[jvm]" classname="com.hereliesaz.cuedetat.core.geometry.TableTest" time="0.001"/>
  <testcase name="aBallSentAtASidePocketIsPocketedRatherThanRailed[jvm]" classname="com.hereliesaz.cuedetat.core.geometry.TableTest" time="0.0"/>
  <testcase name="thereAreFourCornersAndTwoSides[jvm]" classname="com.hereliesaz.cuedetat.core.geometry.TableTest" time="0.0"/>
  <system-out><![CDATA[]]></system-out>
  <system-err><![CDATA[]]></system-err>
</testsuite>
