<?xml version="1.0" encoding="UTF-8"?>
<testsuite name="PrimitiveGeometryTest[jvm]" tests="10" skipped="0" failures="0" errors="0" timestamp="2026-08-23T16:20:56.457Z" hostname="vm" time="0.006">
  <properties/>
  <testcase name="rayMissingACircleReturnsNull[jvm]" classname="com.hereliesaz.cuedetat.core.geometry.PrimitiveGeometryTest" time="0.001"/>
  <testcase name="rayPointingAwayFromSegmentDoesNotIntersect[jvm]" classname="com.hereliesaz.cuedetat.core.geometry.PrimitiveGeometryTest" time="0.001"/>
  <testcase name="reflectionIsIndependentOfNormalSign[jvm]" classname="com.hereliesaz.cuedetat.core.geometry.PrimitiveGeometryTest" time="0.0"/>
  <testcase name="rotationByAFullTurnIsIdentity[jvm]" classname="com.hereliesaz.cuedetat.core.geometry.PrimitiveGeometryTest" time="0.0"/>
  <testcase name="rayHitsSegmentAtTheExpectedPointAndDistance[jvm]" classname="com.hereliesaz.cuedetat.core.geometry.PrimitiveGeometryTest" time="0.0"/>
  <testcase name="reflectionPreservesTheAngleOfIncidence[jvm]" classname="com.hereliesaz.cuedetat.core.geometry.PrimitiveGeometryTest" time="0.001"/>
  <testcase name="angleBetweenIsStableAtZeroAndPi[jvm]" classname="com.hereliesaz.cuedetat.core.geometry.PrimitiveGeometryTest" time="0.0"/>
  <testcase name="rayCircleIntersectionReturnsTheNearerSurfaceHit[jvm]" classname="com.hereliesaz.cuedetat.core.geometry.PrimitiveGeometryTest" time="0.001"/>
  <testcase name="closestPointOnSegmentClampsToTheEndpoints[jvm]" classname="com.hereliesaz.cuedetat.core.geometry.PrimitiveGeometryTest" time="0.002"/>
  <testcase name="rayParallelToSegmentDoesNotIntersect[jvm]" classname="com.hereliesaz.cuedetat.core.geometry.PrimitiveGeometryTest" time="0.0"/>
  <system-out><![CDATA[]]></system-out>
  <system-err><![CDATA[]]></system-err>
</testsuite>
