<?xml version="1.0" encoding="UTF-8"?>
<testsuite name="AimSolverTest[jvm]" tests="20" skipped="0" failures="0" errors="0" timestamp="2026-08-23T16:16:32.434Z" hostname="vm" time="0.074">
  <properties/>
  <testcase name="cutsBeyondThePracticalLimitAreReportedImpossible[jvm]" classname="com.hereliesaz.cuedetat.core.aim.AimSolverTest" time="0.021"/>
  <testcase name="correctedCutDiffersFromTheNaiveCutByExactlyTheThrowApplied[jvm]" classname="com.hereliesaz.cuedetat.core.aim.AimSolverTest" time="0.022"/>
  <testcase name="aBallDirectlyOnThePathIsAnObstruction[jvm]" classname="com.hereliesaz.cuedetat.core.aim.AimSolverTest" time="0.002"/>
  <testcase name="lowDeflectionCueSquirtsLessThanAStandardCue[jvm]" classname="com.hereliesaz.cuedetat.core.aim.AimSolverTest" time="0.0"/>
  <testcase name="straightShotDetectionUsesTheOnwardLineNotJustProximity[jvm]" classname="com.hereliesaz.cuedetat.core.aim.AimSolverTest" time="0.0"/>
  <testcase name="straightShotPutsGhostBallExactlyTwoRadiiBehindTheObjectBall[jvm]" classname="com.hereliesaz.cuedetat.core.aim.AimSolverTest" time="0.001"/>
  <testcase name="throwCorrectionShiftsTheGhostBallOffTheNaivePosition[jvm]" classname="com.hereliesaz.cuedetat.core.aim.AimSolverTest" time="0.002"/>
  <testcase name="naiveConstructionReproducesTheIntendedCutExactly[jvm]" classname="com.hereliesaz.cuedetat.core.aim.AimSolverTest" time="0.0"/>
  <testcase name="ballFractionIsOneForStraightAndZeroAtNinetyDegrees[jvm]" classname="com.hereliesaz.cuedetat.core.aim.AimSolverTest" time="0.001"/>
  <testcase name="throwMagnitudeStaysInThePhysicallyObservedRange[jvm]" classname="com.hereliesaz.cuedetat.core.aim.AimSolverTest" time="0.006"/>
  <testcase name="straightShotHasNoThrow[jvm]" classname="com.hereliesaz.cuedetat.core.aim.AimSolverTest" time="0.0"/>
  <testcase name="throwIsLargestAtSlowSpeedAndFallsAwayAsSpeedRises[jvm]" classname="com.hereliesaz.cuedetat.core.aim.AimSolverTest" time="0.001"/>
  <testcase name="aimingAtTheNaiveGhostBallMissesBecauseOfThrow[jvm]" classname="com.hereliesaz.cuedetat.core.aim.AimSolverTest" time="0.0"/>
  <testcase name="aimingAtTheCorrectedGhostBallSendsTheObjectBallToTheTarget[jvm]" classname="com.hereliesaz.cuedetat.core.aim.AimSolverTest" time="0.001"/>
  <testcase name="ordinaryCutsAreReportedPossible[jvm]" classname="com.hereliesaz.cuedetat.core.aim.AimSolverTest" time="0.002"/>
  <testcase name="firstObstructionIsTheNearestBlockingBall[jvm]" classname="com.hereliesaz.cuedetat.core.aim.AimSolverTest" time="0.001"/>
  <testcase name="aBallClearOfThePathIsNotAnObstruction[jvm]" classname="com.hereliesaz.cuedetat.core.aim.AimSolverTest" time="0.0"/>
  <testcase name="travelToContactStopsOneDiameterShortOfTheObjectBallCentre[jvm]" classname="com.hereliesaz.cuedetat.core.aim.AimSolverTest" time="0.003"/>
  <testcase name="englishMakesTheAimLineDifferFromTheCueBallPath[jvm]" classname="com.hereliesaz.cuedetat.core.aim.AimSolverTest" time="0.001"/>
  <testcase name="ghostBallSeparationIsOneBallDiameterInRealUnits[jvm]" classname="com.hereliesaz.cuedetat.core.aim.AimSolverTest" time="0.001"/>
  <system-out><![CDATA[]]></system-out>
  <system-err><![CDATA[]]></system-err>
</testsuite>
