<?xml version="1.0" encoding="UTF-8"?>
<testsuite name="ShotStateTest[jvm]" tests="5" skipped="0" failures="0" errors="0" timestamp="2026-08-23T16:26:02.998Z" hostname="vm" time="0.043">
  <properties/>
  <testcase name="bankingAndMasseCannotBothBeActive[jvm]" classname="com.hereliesaz.cuedetat.core.state.ShotStateTest" time="0.035"/>
  <testcase name="strokeStateSanitisesAnImpossibleTipOffset[jvm]" classname="com.hereliesaz.cuedetat.core.state.ShotStateTest" time="0.0"/>
  <testcase name="togglingAModeOffReturnsToADirectShot[jvm]" classname="com.hereliesaz.cuedetat.core.state.ShotStateTest" time="0.001"/>
  <testcase name="experienceModeIsATwoStateToggleWithNoJokeInTheMiddle[jvm]" classname="com.hereliesaz.cuedetat.core.state.ShotStateTest" time="0.0"/>
  <testcase name="bankModeCarriesItsOwnAimTargetRatherThanASharedField[jvm]" classname="com.hereliesaz.cuedetat.core.state.ShotStateTest" time="0.0"/>
  <system-out><![CDATA[]]></system-out>
  <system-err><![CDATA[]]></system-err>
</testsuite>
